This file contains any messages produced by compilers while
running configure, to aid debugging if configure makes a mistake.

It was created by my_app configure 1.0, which was
generated by GNU Autoconf 2.72.  Invocation command line was

  $ ./configure

## --------- ##
## Platform. ##
## --------- ##

hostname = navi
uname -m = x86_64
uname -r = 6.12.60-1-lts
uname -s = Linux
uname -v = #1 SMP PREEMPT_DYNAMIC Mon, 01 Dec 2025 13:15:19 +0000

/usr/bin/uname -p = unknown
/bin/uname -X     = unknown

/bin/arch              = unknown
/usr/bin/arch -k       = unknown
/usr/convex/getsysinfo = unknown
/usr/bin/hostinfo      = unknown
/bin/machine           = unknown
/usr/bin/oslevel       = unknown
/bin/universe          = unknown

PATH: /usr/local/sbin/
PATH: /usr/local/bin/
PATH: /usr/bin/
PATH: /usr/lib/jvm/default/bin/
PATH: /usr/bin/site_perl/
PATH: /usr/bin/vendor_perl/
PATH: /usr/bin/core_perl/


## ----------- ##
## Core tests. ##
## ----------- ##

configure:2110: looking for aux files: compile missing install-sh
configure:2123:  trying ./
configure:2152:   ./compile found
configure:2152:   ./missing found
configure:2134:   ./install-sh found
configure:2283: checking for a BSD-compatible install
configure:2357: result: /usr/bin/install -c
configure:2368: checking whether sleep supports fractional seconds
configure:2384: result: yes
configure:2387: checking filesystem timestamp resolution
configure:2522: result: 0.01
configure:2527: checking whether build environment is sane
configure:2572: result: yes
configure:2743: checking for a race-free mkdir -p
configure:2786: result: /usr/bin/mkdir -p
configure:2793: checking for gawk
configure:2814: found /usr/bin/gawk
configure:2826: result: gawk
configure:2837: checking whether make sets $(MAKE)
configure:2861: result: yes
configure:2887: checking whether make supports nested variables
configure:2906: result: yes
configure:2920: checking xargs -n works
configure:2936: result: yes
configure:3021: checking whether UID '1000' is supported by ustar format
configure:3027: result: yes
configure:3034: checking whether GID '1000' is supported by ustar format
configure:3040: result: yes
configure:3048: checking how to create a ustar tar archive
configure:3059: tar --version
tar (GNU tar) 1.35
Copyright (C) 2023 Free Software Foundation, Inc.
License GPLv3+: GNU GPL version 3 or later <https://gnu.org/licenses/gpl.html>.
This is free software: you are free to change and redistribute it.
There is NO WARRANTY, to the extent permitted by law.

Written by John Gilmore and Jay Fenlason.
configure:3062: $? = 0
configure:3102: tardir=conftest.dir && eval tar --format=ustar -chf - "$tardir" >conftest.tar
configure:3105: $? = 0
configure:3109: tar -xf - <conftest.tar
configure:3112: $? = 0
configure:3114: cat conftest.dir/file
GrepMe
configure:3117: $? = 0
configure:3132: result: gnutar
configure:3222: checking for gcc
configure:3243: found /usr/bin/gcc
configure:3255: result: gcc
configure:3614: checking for C compiler version
configure:3623: gcc --version >&5
gcc (GCC) 15.2.1 20251112
Copyright (C) 2025 Free Software Foundation, Inc.
This is free software; see the source for copying conditions.  There is NO
warranty; not even for MERCHANTABILITY or FITNESS FOR A PARTICULAR PURPOSE.

configure:3634: $? = 0
configure:3623: gcc -v >&5
Using built-in specs.
COLLECT_GCC=gcc
COLLECT_LTO_WRAPPER=/usr/lib/gcc/x86_64-pc-linux-gnu/15.2.1/lto-wrapper
Target: x86_64-pc-linux-gnu
Configured with: /build/gcc/src/gcc/configure --enable-languages=ada,c,c++,d,fortran,go,lto,m2,objc,obj-c++,rust,cobol --enable-bootstrap --prefix=/usr --libdir=/usr/lib --libexecdir=/usr/lib --mandir=/usr/share/man --infodir=/usr/share/info --with-bugurl=https://gitlab.archlinux.org/archlinux/packaging/packages/gcc/-/issues --with-build-config=bootstrap-lto --with-linker-hash-style=gnu --with-system-zlib --enable-__cxa_atexit --enable-cet=auto --enable-checking=release --enable-clocale=gnu --enable-default-pie --enable-default-ssp --enable-gnu-indirect-function --enable-gnu-unique-object --enable-libstdcxx-backtrace --enable-link-serialization=1 --enable-linker-build-id --enable-lto --enable-multilib --enable-plugin --enable-shared --enable-threads=posix --disable-libssp --disable-libstdcxx-pch --disable-werror
Thread model: posix
Supported LTO compression algorithms: zlib zstd
gcc version 15.2.1 20251112 (GCC) 
configure:3634: $? = 0
configure:3623: gcc -V >&5
gcc: error: unrecognized command-line option '-V'
gcc: fatal error: no input files
compilation terminated.
configure:3634: $? = 1
configure:3623: gcc -qversion >&5
gcc: error: unrecognized command-line option '-qversion'; did you mean '--version'?
gcc: fatal error: no input files
compilation terminated.
configure:3634: $? = 1
configure:3623: gcc -version >&5
gcc: error: unrecognized command-line option '-version'
gcc: fatal error: no input files
compilation terminated.
configure:3634: $? = 1
configure:3654: checking whether the C compiler works
configure:3676: gcc    conftest.c  >&5
configure:3680: $? = 0
configure:3731: result: yes
configure:3735: checking for C compiler default output file name
configure:3737: result: a.out
configure:3743: checking for suffix of executables
configure:3750: gcc -o conftest    conftest.c  >&5
configure:3754: $? = 0
configure:3778: result: 
configure:3802: checking whether we are cross compiling
configure:3810: gcc -o conftest    conftest.c  >&5
configure:3814: $? = 0
configure:3821: ./conftest
configure:3825: $? = 0
configure:3840: result: no
configure:3846: checking for suffix of object files
configure:3869: gcc -c   conftest.c >&5
configure:3873: $? = 0
configure:3897: result: o
configure:3901: checking whether the compiler supports GNU C
configure:3921: gcc -c   conftest.c >&5
configure:3921: $? = 0
configure:3933: result: yes
configure:3944: checking whether gcc accepts -g
configure:3965: gcc -c -g  conftest.c >&5
configure:3965: $? = 0
configure:4012: result: yes
configure:4032: checking for gcc option to enable C11 features
configure:4047: gcc  -c -g -O2  conftest.c >&5
configure:4047: $? = 0
configure:4066: result: none needed
configure:4190: checking whether gcc understands -c and -o together
configure:4213: gcc -c conftest.c -o conftest2.o
configure:4216: $? = 0
configure:4213: gcc -c conftest.c -o conftest2.o
configure:4216: $? = 0
configure:4232: result: yes
configure:4252: checking whether make supports the include directive
configure:4267: make -f confmf.GNU && cat confinc.out
this is the am__doit target
configure:4270: $? = 0
configure:4289: result: yes (GNU style)
configure:4315: checking dependency style of gcc
configure:4428: result: gcc3
configure:4559: checking that generated files are newer than configure
configure:4565: result: done
configure:4600: creating ./config.status

## ---------------------- ##
## Running config.status. ##
## ---------------------- ##

This file was extended by my_app config.status 1.0, which was
generated by GNU Autoconf 2.72.  Invocation command line was

  CONFIG_FILES    = 
  CONFIG_HEADERS  = 
  CONFIG_LINKS    = 
  CONFIG_COMMANDS = 
  $ ./config.status 

on navi

config.status:841: creating Makefile
config.status:841: creating config.h
config.status:1070: executing depfiles commands
config.status:1145: cd .       && sed -e '/# am--include-marker/d' Makefile         | make -f - am--depfiles
config.status:1152: $? = 0

## ---------------- ##
## Cache variables. ##
## ---------------- ##

ac_cv_c_compiler_gnu=yes
ac_cv_env_CC_set=
ac_cv_env_CC_value=
ac_cv_env_CFLAGS_set=
ac_cv_env_CFLAGS_value=
ac_cv_env_CPPFLAGS_set=
ac_cv_env_CPPFLAGS_value=
ac_cv_env_LDFLAGS_set=
ac_cv_env_LDFLAGS_value=
ac_cv_env_LIBS_set=
ac_cv_env_LIBS_value=
ac_cv_env_build_alias_set=
ac_cv_env_build_alias_value=
ac_cv_env_host_alias_set=
ac_cv_env_host_alias_value=
ac_cv_env_target_alias_set=
ac_cv_env_target_alias_value=
ac_cv_objext=o
ac_cv_path_install='/usr/bin/install -c'
ac_cv_path_mkdir=/usr/bin/mkdir
ac_cv_prog_AWK=gawk
ac_cv_prog_ac_ct_CC=gcc
ac_cv_prog_cc_c11=
ac_cv_prog_cc_g=yes
ac_cv_prog_cc_stdc=
ac_cv_prog_make_make_set=yes
am_cv_CC_dependencies_compiler_type=gcc3
am_cv_filesystem_timestamp_resolution=0.01
am_cv_make_support_nested_variables=yes
am_cv_prog_cc_c_o=yes
am_cv_prog_tar_ustar=gnutar
am_cv_sleep_fractional_seconds=yes
am_cv_xargs_n_works=yes

## ----------------- ##
## Output variables. ##
## ----------------- ##

ACLOCAL='${SHELL} '\''/home/danil/Projects/system_programming/PWork_5/my_program/missing'\'' aclocal-1.18'
AMDEPBACKSLASH='\'
AMDEP_FALSE='#'
AMDEP_TRUE=''
AMTAR='$${TAR-tar}'
AM_BACKSLASH='\'
AM_DEFAULT_V='$(AM_DEFAULT_VERBOSITY)'
AM_DEFAULT_VERBOSITY='1'
AM_V='$(V)'
AUTOCONF='${SHELL} '\''/home/danil/Projects/system_programming/PWork_5/my_program/missing'\'' autoconf'
AUTOHEADER='${SHELL} '\''/home/danil/Projects/system_programming/PWork_5/my_program/missing'\'' autoheader'
AUTOMAKE='${SHELL} '\''/home/danil/Projects/system_programming/PWork_5/my_program/missing'\'' automake-1.18'
AWK='gawk'
CC='gcc'
CCDEPMODE='depmode=gcc3'
CFLAGS='-g -O2'
CPPFLAGS=''
CSCOPE='cscope'
CTAGS='ctags'
CYGPATH_W='echo'
DEFS='-DHAVE_CONFIG_H'
DEPDIR='.deps'
ECHO_C=''
ECHO_N='-n'
ECHO_T=''
ETAGS='etags'
EXEEXT=''
INSTALL_DATA='${INSTALL} -m 644'
INSTALL_PROGRAM='${INSTALL}'
INSTALL_SCRIPT='${INSTALL}'
INSTALL_STRIP_PROGRAM='$(install_sh) -c -s'
LDFLAGS=''
LIBOBJS=''
LIBS=''
LTLIBOBJS=''
MAKEINFO='${SHELL} '\''/home/danil/Projects/system_programming/PWork_5/my_program/missing'\'' makeinfo'
MKDIR_P='/usr/bin/mkdir -p'
OBJEXT='o'
PACKAGE='my_app'
PACKAGE_BUGREPORT='kornachenkodanil@gmail.com'
PACKAGE_NAME='my_app'
PACKAGE_STRING='my_app 1.0'
PACKAGE_TARNAME='my_app'
PACKAGE_URL=''
PACKAGE_VERSION='1.0'
PATH_SEPARATOR=':'
SET_MAKE=''
SHELL='/bin/sh'
STRIP=''
VERSION='1.0'
ac_ct_CC='gcc'
am__EXEEXT_FALSE=''
am__EXEEXT_TRUE='#'
am__fastdepCC_FALSE='#'
am__fastdepCC_TRUE=''
am__include='include'
am__isrc=''
am__leading_dot='.'
am__nodep='_no'
am__quote=''
am__rm_f_notfound=''
am__tar='tar --format=ustar -chf - "$$tardir"'
am__untar='tar -xf -'
am__xargs_n='xargs -n'
bindir='${exec_prefix}/bin'
build_alias=''
datadir='${datarootdir}'
datarootdir='${prefix}/share'
docdir='${datarootdir}/doc/${PACKAGE_TARNAME}'
dvidir='${docdir}'
exec_prefix='${prefix}'
host_alias=''
htmldir='${docdir}'
includedir='${prefix}/include'
infodir='${datarootdir}/info'
install_sh='${SHELL} /home/danil/Projects/system_programming/PWork_5/my_program/install-sh'
libdir='${exec_prefix}/lib'
libexecdir='${exec_prefix}/libexec'
localedir='${datarootdir}/locale'
localstatedir='${prefix}/var'
mandir='${datarootdir}/man'
mkdir_p='$(MKDIR_P)'
oldincludedir='/usr/include'
pdfdir='${docdir}'
prefix='/usr/local'
program_transform_name='s,x,x,'
psdir='${docdir}'
runstatedir='${localstatedir}/run'
sbindir='${exec_prefix}/sbin'
sharedstatedir='${prefix}/com'
sysconfdir='${prefix}/etc'
target_alias=''

## ----------- ##
## confdefs.h. ##
## ----------- ##

/* confdefs.h */
#define PACKAGE_NAME "my_app"
#define PACKAGE_TARNAME "my_app"
#define PACKAGE_VERSION "1.0"
#define PACKAGE_STRING "my_app 1.0"
#define PACKAGE_BUGREPORT "kornachenkodanil@gmail.com"
#define PACKAGE_URL ""
#define PACKAGE "my_app"
#define VERSION "1.0"

configure: exit 0

## ---------------------- ##
## Running config.status. ##
## ---------------------- ##

This file was extended by my_app config.status 1.0, which was
generated by GNU Autoconf 2.72.  Invocation command line was

  CONFIG_FILES    = 
  CONFIG_HEADERS  = 
  CONFIG_LINKS    = 
  CONFIG_COMMANDS = 
  $ ./config.status config.h

on navi

config.status:841: creating config.h
config.status:1022: config.h is unchanged
